<?xml version="1.0" encoding="UTF-8"?>
<!-- Generated by org.testng.reporters.JUnitReportReporter -->
<testsuite name="backbase.DeleteTest" tests="1" time="34.945" ignored="0" failures="0" timestamp="16 jun 2017 04:06:45 GMT" skipped="0" hostname="dhielber" errors="0">
  <testcase name="deleteComputerTest" time="34.945" classname="backbase.DeleteTest"/>
</testsuite> <!-- backbase.DeleteTest -->
