<?xml version="1.0" encoding="UTF-8"?>
<!-- Generated by org.testng.reporters.JUnitReportReporter -->
<testsuite name="backbase.CreateTest" tests="1" time="34.127" ignored="0" failures="0" timestamp="16 jun 2017 04:06:45 GMT" skipped="0" hostname="dhielber" errors="0">
  <testcase name="createComputerTest" time="34.127" classname="backbase.CreateTest"/>
</testsuite> <!-- backbase.CreateTest -->
