<?xml version="1.0" encoding="UTF-8"?>
<!-- Generated by org.testng.reporters.JUnitReportReporter -->
<testsuite name="backbase.UpdateTest" tests="1" time="34.180" ignored="0" failures="0" timestamp="16 jun 2017 04:06:45 GMT" skipped="0" hostname="dhielber" errors="0">
  <testcase name="updateComputerTest" time="34.180" classname="backbase.UpdateTest"/>
</testsuite> <!-- backbase.UpdateTest -->
