<?xml version="1.0" encoding="UTF-8"?>
<!-- Generated by org.testng.reporters.JUnitReportReporter -->
<testsuite name="backbase.ReadTest" tests="1" time="14.639" ignored="0" failures="0" timestamp="16 jun 2017 04:06:45 GMT" skipped="0" hostname="dhielber" errors="0">
  <testcase name="readComputerTest" time="14.639" classname="backbase.ReadTest"/>
</testsuite> <!-- backbase.ReadTest -->
